producer_class	xtools.gsea.GseaPreranked
producer_timestamp	1743395234456
param	rpt_label	caABMR_vs_NonRejection
param	rnd_seed	12345
param	set_min	15
param	zip_report	false
param	create_svgs	false
param	scoring_scheme	weighted
param	norm	meandiv
param	out	/home/rstudio/projects/Course_Project/Data/Processed/GSEA
param	mode	Max_probe
param	include_only_symbols	true
param	help	false
param	set_max	200
param	gmx	Data/Processed/GSEA/Human_GOBP_AllPathways_noPFOCR_no_GO_iea_March_01_2025_symbol.gmt
param	make_sets	true
param	plot_top_x	20
param	gui	false
param	nperm	1000
param	collapse	No_Collapse

file	Data/Processed/GSEA/caABMR_vs_NonRejection.GseaPreranked.1743395234456/index.html
